[LicensingClient] Error: Code 10 while verifying Licensing Client signature (process Id: 43972, path: "C:/Program Files/Unity Hub/UnityLicensingClient_V1/Unity.Licensing.Client.exe")
[Licensing::Module] Error: LicensingClient has failed validation
[Licensing::Module] Channel doesn't exist: "LicenseClient-brandon.labbe-2020.3.23"
[Licensing::Module] Successfully launched the LicensingClient (PId: 42296)
[Licensing::Module] Successfully connected to LicensingClient on channel: "LicenseClient-brandon.labbe-2020.3.23" (connect: 0.66s, validation: 0.05s, handshake: 0.80s)
[Licensing::Module] Connected to LicensingClient (PId: 42296, launch time: 0.01, total connection time: 1.51s)
Entitlement-based licensing initiated
[LicensingClient] Licenses updated successfully

LICENSE SYSTEM [2022328 10:47:27] Next license update check is after 2021-12-10T16:24:30


LICENSE SYSTEM [2022328 10:47:27] Current license is already valid and activated. Skipping license activation process (Provided username/password will be ignored).
Built from '2020.3/staging' branch; Version is '2020.3.23f1 (c5d91304a876) revision 12966163'; Using compiler version '192528614'; Build Type 'Release'
OS: 'Windows 10 Enterprise; OS build 19043.1165; Version 2009; 64bit' Language: 'en' Physical Memory: 32695 MB
[Licensing::Module] Serial number assigned to: "F4-6QG6-3CE9-6A4R-Z5S9-XXXX"
BatchMode: 1, IsHumanControllingUs: 0, StartBugReporterOnCrash: 0, Is64bit: 1, IsPro: 0
[Package Manager] Server::Start -- Port 57198 was selected

COMMAND LINE ARGUMENTS:
C:\Program Files\Unity\Hub\Editor\2020.3.23f1\Editor\Unity.exe
-projectPath
C:\Users\brandon.labbe\Desktop\fa21-capstone-2021-22-t02-prototype3\BuildingTools
-quit
-batchmode
-nographics
-logFile
C:\Users\brandon.labbe\Desktop\fa21-capstone-2021-22-t02-prototype3\BuildingTools\Editor.log
-executeMethod
CommandLineBuild.DoBuild
Successfully changed project path to: C:\Users\brandon.labbe\Desktop\fa21-capstone-2021-22-t02-prototype3\BuildingTools
C:/Users/brandon.labbe/Desktop/fa21-capstone-2021-22-t02-prototype3/BuildingTools
Using Asset Import Pipeline V2.
[Package Manager] Restoring resolved packages state from cache
[Package Manager] Done checking package constraints in 0.00s seconds
[Package Manager] 
Registered 51 packages:
  Packages from [https://packages.unity.com]:
    com.unity.cinemachine@2.6.11 (location: C:\Users\brandon.labbe\Desktop\fa21-capstone-2021-22-t02-prototype3\BuildingTools\Library\PackageCache\com.unity.cinemachine@2.6.11)
    com.unity.collab-proxy@1.15.1 (location: C:\Users\brandon.labbe\Desktop\fa21-capstone-2021-22-t02-prototype3\BuildingTools\Library\PackageCache\com.unity.collab-proxy@1.15.1)
    com.unity.ide.rider@2.0.7 (location: C:\Users\brandon.labbe\Desktop\fa21-capstone-2021-22-t02-prototype3\BuildingTools\Library\PackageCache\com.unity.ide.rider@2.0.7)
    com.unity.ide.visualstudio@2.0.12 (location: C:\Users\brandon.labbe\Desktop\fa21-capstone-2021-22-t02-prototype3\BuildingTools\Library\PackageCache\com.unity.ide.visualstudio@2.0.12)
    com.unity.ide.vscode@1.2.4 (location: C:\Users\brandon.labbe\Desktop\fa21-capstone-2021-22-t02-prototype3\BuildingTools\Library\PackageCache\com.unity.ide.vscode@1.2.4)
    com.unity.inputsystem@1.0.2 (location: C:\Users\brandon.labbe\Desktop\fa21-capstone-2021-22-t02-prototype3\BuildingTools\Library\PackageCache\com.unity.inputsystem@1.0.2)
    com.unity.render-pipelines.universal@10.7.0 (location: C:\Users\brandon.labbe\Desktop\fa21-capstone-2021-22-t02-prototype3\BuildingTools\Library\PackageCache\com.unity.render-pipelines.universal@10.7.0)
    com.unity.test-framework@1.1.30 (location: C:\Users\brandon.labbe\Desktop\fa21-capstone-2021-22-t02-prototype3\BuildingTools\Library\PackageCache\com.unity.test-framework@1.1.30)
    com.unity.textmeshpro@3.0.6 (location: C:\Users\brandon.labbe\Desktop\fa21-capstone-2021-22-t02-prototype3\BuildingTools\Library\PackageCache\com.unity.textmeshpro@3.0.6)
    com.unity.timeline@1.4.8 (location: C:\Users\brandon.labbe\Desktop\fa21-capstone-2021-22-t02-prototype3\BuildingTools\Library\PackageCache\com.unity.timeline@1.4.8)
    com.unity.ext.nunit@1.0.6 (location: C:\Users\brandon.labbe\Desktop\fa21-capstone-2021-22-t02-prototype3\BuildingTools\Library\PackageCache\com.unity.ext.nunit@1.0.6)
    com.unity.mathematics@1.1.0 (location: C:\Users\brandon.labbe\Desktop\fa21-capstone-2021-22-t02-prototype3\BuildingTools\Library\PackageCache\com.unity.mathematics@1.1.0)
    com.unity.render-pipelines.core@10.7.0 (location: C:\Users\brandon.labbe\Desktop\fa21-capstone-2021-22-t02-prototype3\BuildingTools\Library\PackageCache\com.unity.render-pipelines.core@10.7.0)
    com.unity.shadergraph@10.7.0 (location: C:\Users\brandon.labbe\Desktop\fa21-capstone-2021-22-t02-prototype3\BuildingTools\Library\PackageCache\com.unity.shadergraph@10.7.0)
    com.unity.nuget.newtonsoft-json@2.0.0 (location: C:\Users\brandon.labbe\Desktop\fa21-capstone-2021-22-t02-prototype3\BuildingTools\Library\PackageCache\com.unity.nuget.newtonsoft-json@2.0.0)
    com.unity.services.core@1.0.1 (location: C:\Users\brandon.labbe\Desktop\fa21-capstone-2021-22-t02-prototype3\BuildingTools\Library\PackageCache\com.unity.services.core@1.0.1)
    com.unity.searcher@4.3.2 (location: C:\Users\brandon.labbe\Desktop\fa21-capstone-2021-22-t02-prototype3\BuildingTools\Library\PackageCache\com.unity.searcher@4.3.2)
  Built-in packages:
    com.unity.ugui@1.0.0 (location: C:\Users\brandon.labbe\Desktop\fa21-capstone-2021-22-t02-prototype3\BuildingTools\Library\PackageCache\com.unity.ugui@1.0.0)
    com.unity.modules.ai@1.0.0 (location: C:\Users\brandon.labbe\Desktop\fa21-capstone-2021-22-t02-prototype3\BuildingTools\Library\PackageCache\com.unity.modules.ai@1.0.0)
    com.unity.modules.androidjni@1.0.0 (location: C:\Users\brandon.labbe\Desktop\fa21-capstone-2021-22-t02-prototype3\BuildingTools\Library\PackageCache\com.unity.modules.androidjni@1.0.0)
    com.unity.modules.animation@1.0.0 (location: C:\Users\brandon.labbe\Desktop\fa21-capstone-2021-22-t02-prototype3\BuildingTools\Library\PackageCache\com.unity.modules.animation@1.0.0)
    com.unity.modules.assetbundle@1.0.0 (location: C:\Users\brandon.labbe\Desktop\fa21-capstone-2021-22-t02-prototype3\BuildingTools\Library\PackageCache\com.unity.modules.assetbundle@1.0.0)
    com.unity.modules.audio@1.0.0 (location: C:\Users\brandon.labbe\Desktop\fa21-capstone-2021-22-t02-prototype3\BuildingTools\Library\PackageCache\com.unity.modules.audio@1.0.0)
    com.unity.modules.cloth@1.0.0 (location: C:\Users\brandon.labbe\Desktop\fa21-capstone-2021-22-t02-prototype3\BuildingTools\Library\PackageCache\com.unity.modules.cloth@1.0.0)
    com.unity.modules.director@1.0.0 (location: C:\Users\brandon.labbe\Desktop\fa21-capstone-2021-22-t02-prototype3\BuildingTools\Library\PackageCache\com.unity.modules.director@1.0.0)
    com.unity.modules.imageconversion@1.0.0 (location: C:\Users\brandon.labbe\Desktop\fa21-capstone-2021-22-t02-prototype3\BuildingTools\Library\PackageCache\com.unity.modules.imageconversion@1.0.0)
    com.unity.modules.imgui@1.0.0 (location: C:\Users\brandon.labbe\Desktop\fa21-capstone-2021-22-t02-prototype3\BuildingTools\Library\PackageCache\com.unity.modules.imgui@1.0.0)
    com.unity.modules.jsonserialize@1.0.0 (location: C:\Users\brandon.labbe\Desktop\fa21-capstone-2021-22-t02-prototype3\BuildingTools\Library\PackageCache\com.unity.modules.jsonserialize@1.0.0)
    com.unity.modules.particlesystem@1.0.0 (location: C:\Users\brandon.labbe\Desktop\fa21-capstone-2021-22-t02-prototype3\BuildingTools\Library\PackageCache\com.unity.modules.particlesystem@1.0.0)
    com.unity.modules.physics@1.0.0 (location: C:\Users\brandon.labbe\Desktop\fa21-capstone-2021-22-t02-prototype3\BuildingTools\Library\PackageCache\com.unity.modules.physics@1.0.0)
    com.unity.modules.physics2d@1.0.0 (location: C:\Users\brandon.labbe\Desktop\fa21-capstone-2021-22-t02-prototype3\BuildingTools\Library\PackageCache\com.unity.modules.physics2d@1.0.0)
    com.unity.modules.screencapture@1.0.0 (location: C:\Users\brandon.labbe\Desktop\fa21-capstone-2021-22-t02-prototype3\BuildingTools\Library\PackageCache\com.unity.modules.screencapture@1.0.0)
    com.unity.modules.terrain@1.0.0 (location: C:\Users\brandon.labbe\Desktop\fa21-capstone-2021-22-t02-prototype3\BuildingTools\Library\PackageCache\com.unity.modules.terrain@1.0.0)
    com.unity.modules.terrainphysics@1.0.0 (location: C:\Users\brandon.labbe\Desktop\fa21-capstone-2021-22-t02-prototype3\BuildingTools\Library\PackageCache\com.unity.modules.terrainphysics@1.0.0)
    com.unity.modules.tilemap@1.0.0 (location: C:\Users\brandon.labbe\Desktop\fa21-capstone-2021-22-t02-prototype3\BuildingTools\Library\PackageCache\com.unity.modules.tilemap@1.0.0)
    com.unity.modules.ui@1.0.0 (location: C:\Users\brandon.labbe\Desktop\fa21-capstone-2021-22-t02-prototype3\BuildingTools\Library\PackageCache\com.unity.modules.ui@1.0.0)
    com.unity.modules.uielements@1.0.0 (location: C:\Users\brandon.labbe\Desktop\fa21-capstone-2021-22-t02-prototype3\BuildingTools\Library\PackageCache\com.unity.modules.uielements@1.0.0)
    com.unity.modules.umbra@1.0.0 (location: C:\Users\brandon.labbe\Desktop\fa21-capstone-2021-22-t02-prototype3\BuildingTools\Library\PackageCache\com.unity.modules.umbra@1.0.0)
    com.unity.modules.unityanalytics@1.0.0 (location: C:\Users\brandon.labbe\Desktop\fa21-capstone-2021-22-t02-prototype3\BuildingTools\Library\PackageCache\com.unity.modules.unityanalytics@1.0.0)
    com.unity.modules.unitywebrequest@1.0.0 (location: C:\Users\brandon.labbe\Desktop\fa21-capstone-2021-22-t02-prototype3\BuildingTools\Library\PackageCache\com.unity.modules.unitywebrequest@1.0.0)
    com.unity.modules.unitywebrequestassetbundle@1.0.0 (location: C:\Users\brandon.labbe\Desktop\fa21-capstone-2021-22-t02-prototype3\BuildingTools\Library\PackageCache\com.unity.modules.unitywebrequestassetbundle@1.0.0)
    com.unity.modules.unitywebrequestaudio@1.0.0 (location: C:\Users\brandon.labbe\Desktop\fa21-capstone-2021-22-t02-prototype3\BuildingTools\Library\PackageCache\com.unity.modules.unitywebrequestaudio@1.0.0)
    com.unity.modules.unitywebrequesttexture@1.0.0 (location: C:\Users\brandon.labbe\Desktop\fa21-capstone-2021-22-t02-prototype3\BuildingTools\Library\PackageCache\com.unity.modules.unitywebrequesttexture@1.0.0)
    com.unity.modules.unitywebrequestwww@1.0.0 (location: C:\Users\brandon.labbe\Desktop\fa21-capstone-2021-22-t02-prototype3\BuildingTools\Library\PackageCache\com.unity.modules.unitywebrequestwww@1.0.0)
    com.unity.modules.vehicles@1.0.0 (location: C:\Users\brandon.labbe\Desktop\fa21-capstone-2021-22-t02-prototype3\BuildingTools\Library\PackageCache\com.unity.modules.vehicles@1.0.0)
    com.unity.modules.video@1.0.0 (location: C:\Users\brandon.labbe\Desktop\fa21-capstone-2021-22-t02-prototype3\BuildingTools\Library\PackageCache\com.unity.modules.video@1.0.0)
    com.unity.modules.vr@1.0.0 (location: C:\Users\brandon.labbe\Desktop\fa21-capstone-2021-22-t02-prototype3\BuildingTools\Library\PackageCache\com.unity.modules.vr@1.0.0)
    com.unity.modules.wind@1.0.0 (location: C:\Users\brandon.labbe\Desktop\fa21-capstone-2021-22-t02-prototype3\BuildingTools\Library\PackageCache\com.unity.modules.wind@1.0.0)
    com.unity.modules.xr@1.0.0 (location: C:\Users\brandon.labbe\Desktop\fa21-capstone-2021-22-t02-prototype3\BuildingTools\Library\PackageCache\com.unity.modules.xr@1.0.0)
    com.unity.modules.subsystems@1.0.0 (location: C:\Users\brandon.labbe\Desktop\fa21-capstone-2021-22-t02-prototype3\BuildingTools\Library\PackageCache\com.unity.modules.subsystems@1.0.0)
    com.unity.modules.uielementsnative@1.0.0 (location: C:\Users\brandon.labbe\Desktop\fa21-capstone-2021-22-t02-prototype3\BuildingTools\Library\PackageCache\com.unity.modules.uielementsnative@1.0.0)

[Subsystems] No new subsystems found in resolved package list.
Package Manager log level set to [2]
[Package Manager] Done registering packages in 0.09s seconds
Refreshing native plugins compatible for Editor in 63.43 ms, found 2 plugins.
Preloading 0 native plugins for Editor in 0.00 ms.
Initialize engine version: 2020.3.23f1 (c5d91304a876)
[Subsystems] Discovering subsystems at path C:/Program Files/Unity/Hub/Editor/2020.3.23f1/Editor/Data/Resources/UnitySubsystems
[Subsystems] Discovering subsystems at path C:/Users/brandon.labbe/Desktop/fa21-capstone-2021-22-t02-prototype3/BuildingTools/Assets
Forcing GfxDevice: Null
GfxDevice: creating device client; threaded=0
NullGfxDevice:
    Version:  NULL 1.0 [1.0]
    Renderer: Null Device
    Vendor:   Unity Technologies
Initialize mono
Mono path[0] = 'C:/Program Files/Unity/Hub/Editor/2020.3.23f1/Editor/Data/Managed'
Mono path[1] = 'C:/Program Files/Unity/Hub/Editor/2020.3.23f1/Editor/Data/MonoBleedingEdge/lib/mono/unityjit'
Mono config path = 'C:/Program Files/Unity/Hub/Editor/2020.3.23f1/Editor/Data/MonoBleedingEdge/etc'
Using monoOptions --debugger-agent=transport=dt_socket,embedding=1,server=y,suspend=n,address=127.0.0.1:56672
AcceleratorClientConnectionCallback - disconnected - :0
Begin MonoManager ReloadAssembly
Registering precompiled unity dll's ...
Register platform support module: C:/Program Files/Unity/Hub/Editor/2020.3.23f1/Editor/Data/PlaybackEngines/WindowsStandaloneSupport/UnityEditor.WindowsStandalone.Extensions.dll
Registered in 0.002030 seconds.
Native extension for WindowsStandalone target not found
Refreshing native plugins compatible for Editor in 54.43 ms, found 2 plugins.
Preloading 0 native plugins for Editor in 0.00 ms.
Mono: successfully reloaded assembly
- Completed reload, in  0.593 seconds
Domain Reload Profiling:
	ReloadAssembly (593ms)
		BeginReloadAssembly (70ms)
			ExecutionOrderSort (0ms)
			DisableScriptedObjects (0ms)
			BackupInstance (0ms)
			ReleaseScriptingObjects (0ms)
			CreateAndSetChildDomain (3ms)
		EndReloadAssembly (449ms)
			LoadAssemblies (63ms)
			RebuildTransferFunctionScriptingTraits (0ms)
			SetupTypeCache (145ms)
			ReleaseScriptCaches (0ms)
			RebuildScriptCaches (32ms)
			SetupLoadedEditorAssemblies (175ms)
				LogAssemblyErrors (0ms)
				InitializePlatformSupportModulesInManaged (4ms)
				SetLoadedEditorAssemblies (0ms)
				RefreshPlugins (55ms)
				BeforeProcessingInitializeOnLoad (15ms)
				ProcessInitializeOnLoadAttributes (75ms)
				ProcessInitializeOnLoadMethodAttributes (26ms)
				AfterProcessingInitializeOnLoad (0ms)
				EditorAssembliesLoaded (0ms)
			ExecutionOrderSort2 (0ms)
			AwakeInstancesAfterBackupRestoration (0ms)
Platform modules already initialized, skipping
Validating Project structure ... 0.001692 seconds.
Shader import version has changed; will reimport all shaders...
Upgrading shader files ...0.001623 seconds.
Application.AssetDatabase Initial Script Refresh Start
Registering precompiled user dll's ...
Registered in 0.005407 seconds.
AssetDatabase: script compilation time: 0.046791s
Begin MonoManager ReloadAssembly
Native extension for WindowsStandalone target not found
Refreshing native plugins compatible for Editor in 98.78 ms, found 2 plugins.
Preloading 0 native plugins for Editor in 0.00 ms.
Mono: successfully reloaded assembly
- Completed reload, in  1.324 seconds
Domain Reload Profiling:
	ReloadAssembly (1326ms)
		BeginReloadAssembly (149ms)
			ExecutionOrderSort (0ms)
			DisableScriptedObjects (4ms)
			BackupInstance (0ms)
			ReleaseScriptingObjects (0ms)
			CreateAndSetChildDomain (19ms)
		EndReloadAssembly (1116ms)
			LoadAssemblies (90ms)
			RebuildTransferFunctionScriptingTraits (0ms)
			SetupTypeCache (310ms)
			ReleaseScriptCaches (1ms)
			RebuildScriptCaches (52ms)
			SetupLoadedEditorAssemblies (485ms)
				LogAssemblyErrors (0ms)
				InitializePlatformSupportModulesInManaged (5ms)
				SetLoadedEditorAssemblies (0ms)
				RefreshPlugins (99ms)
				BeforeProcessingInitializeOnLoad (129ms)
				ProcessInitializeOnLoadAttributes (234ms)
				ProcessInitializeOnLoadMethodAttributes (10ms)
				AfterProcessingInitializeOnLoad (7ms)
				EditorAssembliesLoaded (0ms)
			ExecutionOrderSort2 (0ms)
			AwakeInstancesAfterBackupRestoration (9ms)
Platform modules already initialized, skipping
RefreshInfo: InitialScriptRefreshV2(NoUpdateAssetOptions) scanfilter:  ... 1 filters
RefreshProfiler: Total: 2650.500ms
	InvokeBeforeRefreshCallbacks: 0.517ms
	ApplyChangesToAssetFolders: 0.061ms
	Scan: 134.333ms
	OnSourceAssetsModified: 0.000ms
	InitializeImportedAssetsSnapshot: 0.118ms
	GetAllGuidsForCategorization: 0.460ms
	CategorizeAssets: 54.793ms
	ImportAndPostprocessOutOfDateAssets: 2400.887ms (2352.457ms without children)
		CompileScripts: 47.707ms
		PostProcessAllAssets: 0.000ms
		EnsureUptoDateAssetsAreRegisteredWithGuidPM: 0.315ms
		InitializingProgressBar: 0.004ms
		PostProcessAllAssetNotificationsAddChangedAssets: 0.331ms
		RestoreLoadedAssetsState: 0.073ms
	ReloadSourceAssets: 0.444ms
	UnloadImportedAssets: 0.004ms
	Hotreload: 0.907ms
	FixTempGuids: 0.004ms
	UnloadStreamsBegin: 0.325ms
	LoadedImportedAssetsSnapshotReleaseGCHandles: 0.004ms
	GetLoadedSourceAssetsSnapshot: 0.112ms
	PersistCurrentRevisions: 0.652ms
	UnloadStreamsEnd: 19.312ms
	GenerateScriptTypeHashes: 0.534ms
	Untracked: 37.568ms
Application.AssetDatabase Initial Script Refresh End
Application.AssetDatabase.Refresh Start
Refresh completed in 0.082958 seconds.
RefreshInfo: RefreshV2(ForceSynchronousImport) scanfilter: 
RefreshProfiler: Total: 82.936ms
Application.AssetDatabase.Refresh End
RefreshInfo: StopAssetImportingV2(ForceSynchronousImport) scanfilter: 
RefreshProfiler: Total: 5.930ms
Refresh completed in 0.073252 seconds.
RefreshInfo: RefreshV2(NoUpdateAssetOptions) scanfilter: 
RefreshProfiler: Total: 73.215ms
Initializing Unity extensions:
Unloading 150 Unused Serialized files (Serialized files now loaded: 0)
System memory in use before: 103.0 MB.
System memory in use after: 100.7 MB.

Unloading 201 unused Assets to reduce memory usage. Loaded Objects now: 3704.
Total: 5.477400 ms (FindLiveObjects: 0.186600 ms CreateObjectMapping: 0.113300 ms MarkObjects: 4.032500 ms  DeleteObjects: 1.144000 ms)

ProgressiveSceneManager::Cancel()
Start importing ProjectSettings/ProjectSettings.asset using Guid(00000000000000004000000000000000) Importer(-1,00000000000000000000000000000000)  -> (artifact id: 'afe99dd2895c87a7bcb336ac1022c733') in 0.007666 seconds 
Refreshing native plugins compatible for Editor in 0.56 ms, found 2 plugins.
Preloading 0 native plugins for Editor in 0.00 ms.
RefreshInfo: StopAssetImportingV2(NoUpdateAssetOptions) scanfilter: 
RefreshProfiler: Total: 108.881ms
BuildPlayerGenerator: Succeeded
[ScriptCompilation] Recompiling all scripts because: Recompiling scripts for player build.
BuildPlayer: start building target 5
- Starting script compilation
- Starting compile Library/PlayerScriptAssemblies/UnityEngine.TestRunner.dll
- Starting compile Library/PlayerScriptAssemblies/UnityEngine.UI.dll
- Finished compile Library/PlayerScriptAssemblies/UnityEngine.TestRunner.dll in 1.195821 seconds
- Finished compile Library/PlayerScriptAssemblies/UnityEngine.UI.dll in 1.194199 seconds
- Starting compile Library/PlayerScriptAssemblies/Unity.RenderPipelines.Universal.Shaders.dll
- Starting compile Library/PlayerScriptAssemblies/Unity.Timeline.dll
- Starting compile Library/PlayerScriptAssemblies/Unity.TextMeshPro.dll
- Starting compile Library/PlayerScriptAssemblies/Unity.InputSystem.dll
- Starting compile Library/PlayerScriptAssemblies/Unity.RenderPipelines.Core.ShaderLibrary.dll
- Starting compile Library/PlayerScriptAssemblies/Unity.Mathematics.dll
- Starting compile Library/PlayerScriptAssemblies/Unity.RenderPipelines.ShaderGraph.ShaderGraphLibrary.dll
- Finished compile Library/PlayerScriptAssemblies/Unity.RenderPipelines.Universal.Shaders.dll in 0.754179 seconds
- Finished compile Library/PlayerScriptAssemblies/Unity.RenderPipelines.Core.ShaderLibrary.dll in 0.712928 seconds
- Finished compile Library/PlayerScriptAssemblies/Unity.RenderPipelines.ShaderGraph.ShaderGraphLibrary.dll in 1.38315 seconds
- Finished compile Library/PlayerScriptAssemblies/Unity.Timeline.dll in 1.472712 seconds
- Finished compile Library/PlayerScriptAssemblies/Unity.TextMeshPro.dll in 2.299278 seconds
- Finished compile Library/PlayerScriptAssemblies/Unity.InputSystem.dll in 2.580839 seconds
- Starting compile Library/PlayerScriptAssemblies/Unity.RenderPipelines.Core.Runtime.dll
- Finished compile Library/PlayerScriptAssemblies/Unity.RenderPipelines.Core.Runtime.dll in 0.51849 seconds
- Starting compile Library/PlayerScriptAssemblies/Unity.RenderPipeline.Universal.ShaderLibrary.dll
- Finished compile Library/PlayerScriptAssemblies/Unity.RenderPipeline.Universal.ShaderLibrary.dll in 0.351983 seconds
- Finished compile Library/PlayerScriptAssemblies/Unity.Mathematics.dll in 3.617361 seconds
- Starting compile Library/PlayerScriptAssemblies/Unity.RenderPipelines.Universal.Runtime.dll
- Finished compile Library/PlayerScriptAssemblies/Unity.RenderPipelines.Universal.Runtime.dll in 0.64133 seconds
- Starting compile Library/PlayerScriptAssemblies/Cinemachine.dll
- Finished compile Library/PlayerScriptAssemblies/Cinemachine.dll in 0.400789 seconds
- Starting compile Library/PlayerScriptAssemblies/Assembly-CSharp.dll

-----Compiler Commandline Arguments:
Filename: C:\Program Files\Unity\Hub\Editor\2020.3.23f1\Editor\Data\Tools\RoslynScripts\unity_csc.bat
Arguments: /noconfig @Temp/UnityTempFile-dcda4dabd34578f4395f26d97ccb5a12
Responsefile: Temp/UnityTempFile-dcda4dabd34578f4395f26d97ccb5a12 Contents: 
/target:library
/out:Temp/Assembly-CSharp.dll
/nowarn:0169
/nowarn:0649
/deterministic
/debug:portable
/optimize+
/nostdlib+
/preferreduilang:en-US
/langversion:8.0
/reference:Library/PlayerScriptAssemblies/Cinemachine.dll
/reference:Library/PlayerScriptAssemblies/Unity.InputSystem.dll
/reference:Library/PlayerScriptAssemblies/Unity.Mathematics.dll
/reference:Library/PlayerScriptAssemblies/Unity.RenderPipeline.Universal.ShaderLibrary.dll
/reference:Library/PlayerScriptAssemblies/Unity.RenderPipelines.Core.Runtime.dll
/reference:Library/PlayerScriptAssemblies/Unity.RenderPipelines.Core.ShaderLibrary.dll
/reference:Library/PlayerScriptAssemblies/Unity.RenderPipelines.ShaderGraph.ShaderGraphLibrary.dll
/reference:Library/PlayerScriptAssemblies/Unity.RenderPipelines.Universal.Runtime.dll
/reference:Library/PlayerScriptAssemblies/Unity.RenderPipelines.Universal.Shaders.dll
/reference:Library/PlayerScriptAssemblies/Unity.TextMeshPro.dll
/reference:Library/PlayerScriptAssemblies/Unity.Timeline.dll
/reference:Library/PlayerScriptAssemblies/UnityEngine.UI.dll
/reference:"C:/Program Files/Unity/Hub/Editor/2020.3.23f1/Editor/Data/PlaybackEngines/WindowsStandaloneSupport/Variations/mono/Managed/UnityEngine.AIModule.dll"
/reference:"C:/Program Files/Unity/Hub/Editor/2020.3.23f1/Editor/Data/PlaybackEngines/WindowsStandaloneSupport/Variations/mono/Managed/UnityEngine.ARModule.dll"
/reference:"C:/Program Files/Unity/Hub/Editor/2020.3.23f1/Editor/Data/PlaybackEngines/WindowsStandaloneSupport/Variations/mono/Managed/UnityEngine.AccessibilityModule.dll"
/reference:"C:/Program Files/Unity/Hub/Editor/2020.3.23f1/Editor/Data/PlaybackEngines/WindowsStandaloneSupport/Variations/mono/Managed/UnityEngine.AndroidJNIModule.dll"
/reference:"C:/Program Files/Unity/Hub/Editor/2020.3.23f1/Editor/Data/PlaybackEngines/WindowsStandaloneSupport/Variations/mono/Managed/UnityEngine.AnimationModule.dll"
/reference:"C:/Program Files/Unity/Hub/Editor/2020.3.23f1/Editor/Data/PlaybackEngines/WindowsStandaloneSupport/Variations/mono/Managed/UnityEngine.AssetBundleModule.dll"
/reference:"C:/Program Files/Unity/Hub/Editor/2020.3.23f1/Editor/Data/PlaybackEngines/WindowsStandaloneSupport/Variations/mono/Managed/UnityEngine.AudioModule.dll"
/reference:"C:/Program Files/Unity/Hub/Editor/2020.3.23f1/Editor/Data/PlaybackEngines/WindowsStandaloneSupport/Variations/mono/Managed/UnityEngine.ClothModule.dll"
/reference:"C:/Program Files/Unity/Hub/Editor/2020.3.23f1/Editor/Data/PlaybackEngines/WindowsStandaloneSupport/Variations/mono/Managed/UnityEngine.ClusterInputModule.dll"
/reference:"C:/Program Files/Unity/Hub/Editor/2020.3.23f1/Editor/Data/PlaybackEngines/WindowsStandaloneSupport/Variations/mono/Managed/UnityEngine.ClusterRendererModule.dll"
/reference:"C:/Program Files/Unity/Hub/Editor/2020.3.23f1/Editor/Data/PlaybackEngines/WindowsStandaloneSupport/Variations/mono/Managed/UnityEngine.CoreModule.dll"
/reference:"C:/Program Files/Unity/Hub/Editor/2020.3.23f1/Editor/Data/PlaybackEngines/WindowsStandaloneSupport/Variations/mono/Managed/UnityEngine.CrashReportingModule.dll"
/reference:"C:/Program Files/Unity/Hub/Editor/2020.3.23f1/Editor/Data/PlaybackEngines/WindowsStandaloneSupport/Variations/mono/Managed/UnityEngine.DSPGraphModule.dll"
/reference:"C:/Program Files/Unity/Hub/Editor/2020.3.23f1/Editor/Data/PlaybackEngines/WindowsStandaloneSupport/Variations/mono/Managed/UnityEngine.DirectorModule.dll"
/reference:"C:/Program Files/Unity/Hub/Editor/2020.3.23f1/Editor/Data/PlaybackEngines/WindowsStandaloneSupport/Variations/mono/Managed/UnityEngine.GIModule.dll"
/reference:"C:/Program Files/Unity/Hub/Editor/2020.3.23f1/Editor/Data/PlaybackEngines/WindowsStandaloneSupport/Variations/mono/Managed/UnityEngine.GameCenterModule.dll"
/reference:"C:/Program Files/Unity/Hub/Editor/2020.3.23f1/Editor/Data/PlaybackEngines/WindowsStandaloneSupport/Variations/mono/Managed/UnityEngine.GridModule.dll"
/reference:"C:/Program Files/Unity/Hub/Editor/2020.3.23f1/Editor/Data/PlaybackEngines/WindowsStandaloneSupport/Variations/mono/Managed/UnityEngine.HotReloadModule.dll"
/reference:"C:/Program Files/Unity/Hub/Editor/2020.3.23f1/Editor/Data/PlaybackEngines/WindowsStandaloneSupport/Variations/mono/Managed/UnityEngine.IMGUIModule.dll"
/reference:"C:/Program Files/Unity/Hub/Editor/2020.3.23f1/Editor/Data/PlaybackEngines/WindowsStandaloneSupport/Variations/mono/Managed/UnityEngine.ImageConversionModule.dll"
/reference:"C:/Program Files/Unity/Hub/Editor/2020.3.23f1/Editor/Data/PlaybackEngines/WindowsStandaloneSupport/Variations/mono/Managed/UnityEngine.InputLegacyModule.dll"
/reference:"C:/Program Files/Unity/Hub/Editor/2020.3.23f1/Editor/Data/PlaybackEngines/WindowsStandaloneSupport/Variations/mono/Managed/UnityEngine.InputModule.dll"
/reference:"C:/Program Files/Unity/Hub/Editor/2020.3.23f1/Editor/Data/PlaybackEngines/WindowsStandaloneSupport/Variations/mono/Managed/UnityEngine.JSONSerializeModule.dll"
/reference:"C:/Program Files/Unity/Hub/Editor/2020.3.23f1/Editor/Data/PlaybackEngines/WindowsStandaloneSupport/Variations/mono/Managed/UnityEngine.LocalizationModule.dll"
/reference:"C:/Program Files/Unity/Hub/Editor/2020.3.23f1/Editor/Data/PlaybackEngines/WindowsStandaloneSupport/Variations/mono/Managed/UnityEngine.ParticleSystemModule.dll"
/reference:"C:/Program Files/Unity/Hub/Editor/2020.3.23f1/Editor/Data/PlaybackEngines/WindowsStandaloneSupport/Variations/mono/Managed/UnityEngine.PerformanceReportingModule.dll"
/reference:"C:/Program Files/Unity/Hub/Editor/2020.3.23f1/Editor/Data/PlaybackEngines/WindowsStandaloneSupport/Variations/mono/Managed/UnityEngine.Physics2DModule.dll"
/reference:"C:/Program Files/Unity/Hub/Editor/2020.3.23f1/Editor/Data/PlaybackEngines/WindowsStandaloneSupport/Variations/mono/Managed/UnityEngine.PhysicsModule.dll"
/reference:"C:/Program Files/Unity/Hub/Editor/2020.3.23f1/Editor/Data/PlaybackEngines/WindowsStandaloneSupport/Variations/mono/Managed/UnityEngine.ProfilerModule.dll"
/reference:"C:/Program Files/Unity/Hub/Editor/2020.3.23f1/Editor/Data/PlaybackEngines/WindowsStandaloneSupport/Variations/mono/Managed/UnityEngine.RuntimeInitializeOnLoadManagerInitializerModule.dll"
/reference:"C:/Program Files/Unity/Hub/Editor/2020.3.23f1/Editor/Data/PlaybackEngines/WindowsStandaloneSupport/Variations/mono/Managed/UnityEngine.ScreenCaptureModule.dll"
/reference:"C:/Program Files/Unity/Hub/Editor/2020.3.23f1/Editor/Data/PlaybackEngines/WindowsStandaloneSupport/Variations/mono/Managed/UnityEngine.SharedInternalsModule.dll"
/reference:"C:/Program Files/Unity/Hub/Editor/2020.3.23f1/Editor/Data/PlaybackEngines/WindowsStandaloneSupport/Variations/mono/Managed/UnityEngine.SpriteMaskModule.dll"
/reference:"C:/Program Files/Unity/Hub/Editor/2020.3.23f1/Editor/Data/PlaybackEngines/WindowsStandaloneSupport/Variations/mono/Managed/UnityEngine.SpriteShapeModule.dll"
/reference:"C:/Program Files/Unity/Hub/Editor/2020.3.23f1/Editor/Data/PlaybackEngines/WindowsStandaloneSupport/Variations/mono/Managed/UnityEngine.StreamingModule.dll"
/reference:"C:/Program Files/Unity/Hub/Editor/2020.3.23f1/Editor/Data/PlaybackEngines/WindowsStandaloneSupport/Variations/mono/Managed/UnityEngine.SubstanceModule.dll"
/reference:"C:/Program Files/Unity/Hub/Editor/2020.3.23f1/Editor/Data/PlaybackEngines/WindowsStandaloneSupport/Variations/mono/Managed/UnityEngine.SubsystemsModule.dll"
/reference:"C:/Program Files/Unity/Hub/Editor/2020.3.23f1/Editor/Data/PlaybackEngines/WindowsStandaloneSupport/Variations/mono/Managed/UnityEngine.TLSModule.dll"
/reference:"C:/Program Files/Unity/Hub/Editor/2020.3.23f1/Editor/Data/PlaybackEngines/WindowsStandaloneSupport/Variations/mono/Managed/UnityEngine.TerrainModule.dll"
/reference:"C:/Program Files/Unity/Hub/Editor/2020.3.23f1/Editor/Data/PlaybackEngines/WindowsStandaloneSupport/Variations/mono/Managed/UnityEngine.TerrainPhysicsModule.dll"
/reference:"C:/Program Files/Unity/Hub/Editor/2020.3.23f1/Editor/Data/PlaybackEngines/WindowsStandaloneSupport/Variations/mono/Managed/UnityEngine.TextCoreModule.dll"
/reference:"C:/Program Files/Unity/Hub/Editor/2020.3.23f1/Editor/Data/PlaybackEngines/WindowsStandaloneSupport/Variations/mono/Managed/UnityEngine.TextRenderingModule.dll"
/reference:"C:/Program Files/Unity/Hub/Editor/2020.3.23f1/Editor/Data/PlaybackEngines/WindowsStandaloneSupport/Variations/mono/Managed/UnityEngine.TilemapModule.dll"
/reference:"C:/Program Files/Unity/Hub/Editor/2020.3.23f1/Editor/Data/PlaybackEngines/WindowsStandaloneSupport/Variations/mono/Managed/UnityEngine.UIElementsModule.dll"
/reference:"C:/Program Files/Unity/Hub/Editor/2020.3.23f1/Editor/Data/PlaybackEngines/WindowsStandaloneSupport/Variations/mono/Managed/UnityEngine.UIElementsNativeModule.dll"
/reference:"C:/Program Files/Unity/Hub/Editor/2020.3.23f1/Editor/Data/PlaybackEngines/WindowsStandaloneSupport/Variations/mono/Managed/UnityEngine.UIModule.dll"
/reference:"C:/Program Files/Unity/Hub/Editor/2020.3.23f1/Editor/Data/PlaybackEngines/WindowsStandaloneSupport/Variations/mono/Managed/UnityEngine.UNETModule.dll"
/reference:"C:/Program Files/Unity/Hub/Editor/2020.3.23f1/Editor/Data/PlaybackEngines/WindowsStandaloneSupport/Variations/mono/Managed/UnityEngine.UmbraModule.dll"
/reference:"C:/Program Files/Unity/Hub/Editor/2020.3.23f1/Editor/Data/PlaybackEngines/WindowsStandaloneSupport/Variations/mono/Managed/UnityEngine.UnityAnalyticsModule.dll"
/reference:"C:/Program Files/Unity/Hub/Editor/2020.3.23f1/Editor/Data/PlaybackEngines/WindowsStandaloneSupport/Variations/mono/Managed/UnityEngine.UnityConnectModule.dll"
/reference:"C:/Program Files/Unity/Hub/Editor/2020.3.23f1/Editor/Data/PlaybackEngines/WindowsStandaloneSupport/Variations/mono/Managed/UnityEngine.UnityCurlModule.dll"
/reference:"C:/Program Files/Unity/Hub/Editor/2020.3.23f1/Editor/Data/PlaybackEngines/WindowsStandaloneSupport/Variations/mono/Managed/UnityEngine.UnityTestProtocolModule.dll"
/reference:"C:/Program Files/Unity/Hub/Editor/2020.3.23f1/Editor/Data/PlaybackEngines/WindowsStandaloneSupport/Variations/mono/Managed/UnityEngine.UnityWebRequestAssetBundleModule.dll"
/reference:"C:/Program Files/Unity/Hub/Editor/2020.3.23f1/Editor/Data/PlaybackEngines/WindowsStandaloneSupport/Variations/mono/Managed/UnityEngine.UnityWebRequestAudioModule.dll"
/reference:"C:/Program Files/Unity/Hub/Editor/2020.3.23f1/Editor/Data/PlaybackEngines/WindowsStandaloneSupport/Variations/mono/Managed/UnityEngine.UnityWebRequestModule.dll"
/reference:"C:/Program Files/Unity/Hub/Editor/2020.3.23f1/Editor/Data/PlaybackEngines/WindowsStandaloneSupport/Variations/mono/Managed/UnityEngine.UnityWebRequestTextureModule.dll"
/reference:"C:/Program Files/Unity/Hub/Editor/2020.3.23f1/Editor/Data/PlaybackEngines/WindowsStandaloneSupport/Variations/mono/Managed/UnityEngine.UnityWebRequestWWWModule.dll"
/reference:"C:/Program Files/Unity/Hub/Editor/2020.3.23f1/Editor/Data/PlaybackEngines/WindowsStandaloneSupport/Variations/mono/Managed/UnityEngine.VFXModule.dll"
/reference:"C:/Program Files/Unity/Hub/Editor/2020.3.23f1/Editor/Data/PlaybackEngines/WindowsStandaloneSupport/Variations/mono/Managed/UnityEngine.VRModule.dll"
/reference:"C:/Program Files/Unity/Hub/Editor/2020.3.23f1/Editor/Data/PlaybackEngines/WindowsStandaloneSupport/Variations/mono/Managed/UnityEngine.VehiclesModule.dll"
/reference:"C:/Program Files/Unity/Hub/Editor/2020.3.23f1/Editor/Data/PlaybackEngines/WindowsStandaloneSupport/Variations/mono/Managed/UnityEngine.VideoModule.dll"
/reference:"C:/Program Files/Unity/Hub/Editor/2020.3.23f1/Editor/Data/PlaybackEngines/WindowsStandaloneSupport/Variations/mono/Managed/UnityEngine.VirtualTexturingModule.dll"
/reference:"C:/Program Files/Unity/Hub/Editor/2020.3.23f1/Editor/Data/PlaybackEngines/WindowsStandaloneSupport/Variations/mono/Managed/UnityEngine.WindModule.dll"
/reference:"C:/Program Files/Unity/Hub/Editor/2020.3.23f1/Editor/Data/PlaybackEngines/WindowsStandaloneSupport/Variations/mono/Managed/UnityEngine.XRModule.dll"
/reference:"C:/Program Files/Unity/Hub/Editor/2020.3.23f1/Editor/Data/PlaybackEngines/WindowsStandaloneSupport/Variations/mono/Managed/UnityEngine.dll"
/reference:C:/Users/brandon.labbe/Desktop/fa21-capstone-2021-22-t02-prototype3/BuildingTools/Library/PackageCache/com.unity.nuget.newtonsoft-json@2.0.0/Runtime/AOT/Newtonsoft.Json.dll
/reference:"C:/Program Files/Unity/Hub/Editor/2020.3.23f1/Editor/Data/NetStandard/Extensions/2.0.0/System.Numerics.Vectors.dll"
/reference:"C:/Program Files/Unity/Hub/Editor/2020.3.23f1/Editor/Data/NetStandard/Extensions/2.0.0/System.Runtime.InteropServices.WindowsRuntime.dll"
/reference:"C:/Program Files/Unity/Hub/Editor/2020.3.23f1/Editor/Data/NetStandard/compat/2.0.0/shims/netfx/System.ComponentModel.Composition.dll"
/reference:"C:/Program Files/Unity/Hub/Editor/2020.3.23f1/Editor/Data/NetStandard/compat/2.0.0/shims/netfx/System.Core.dll"
/reference:"C:/Program Files/Unity/Hub/Editor/2020.3.23f1/Editor/Data/NetStandard/compat/2.0.0/shims/netfx/System.Data.dll"
/reference:"C:/Program Files/Unity/Hub/Editor/2020.3.23f1/Editor/Data/NetStandard/compat/2.0.0/shims/netfx/System.Drawing.dll"
/reference:"C:/Program Files/Unity/Hub/Editor/2020.3.23f1/Editor/Data/NetStandard/compat/2.0.0/shims/netfx/System.IO.Compression.FileSystem.dll"
/reference:"C:/Program Files/Unity/Hub/Editor/2020.3.23f1/Editor/Data/NetStandard/compat/2.0.0/shims/netfx/System.Net.dll"
/reference:"C:/Program Files/Unity/Hub/Editor/2020.3.23f1/Editor/Data/NetStandard/compat/2.0.0/shims/netfx/System.Numerics.dll"
/reference:"C:/Program Files/Unity/Hub/Editor/2020.3.23f1/Editor/Data/NetStandard/compat/2.0.0/shims/netfx/System.Runtime.Serialization.dll"
/reference:"C:/Program Files/Unity/Hub/Editor/2020.3.23f1/Editor/Data/NetStandard/compat/2.0.0/shims/netfx/System.ServiceModel.Web.dll"
/reference:"C:/Program Files/Unity/Hub/Editor/2020.3.23f1/Editor/Data/NetStandard/compat/2.0.0/shims/netfx/System.Transactions.dll"
/reference:"C:/Program Files/Unity/Hub/Editor/2020.3.23f1/Editor/Data/NetStandard/compat/2.0.0/shims/netfx/System.Web.dll"
/reference:"C:/Program Files/Unity/Hub/Editor/2020.3.23f1/Editor/Data/NetStandard/compat/2.0.0/shims/netfx/System.Windows.dll"
/reference:"C:/Program Files/Unity/Hub/Editor/2020.3.23f1/Editor/Data/NetStandard/compat/2.0.0/shims/netfx/System.Xml.Linq.dll"
/reference:"C:/Program Files/Unity/Hub/Editor/2020.3.23f1/Editor/Data/NetStandard/compat/2.0.0/shims/netfx/System.Xml.Serialization.dll"
/reference:"C:/Program Files/Unity/Hub/Editor/2020.3.23f1/Editor/Data/NetStandard/compat/2.0.0/shims/netfx/System.Xml.dll"
/reference:"C:/Program Files/Unity/Hub/Editor/2020.3.23f1/Editor/Data/NetStandard/compat/2.0.0/shims/netfx/System.dll"
/reference:"C:/Program Files/Unity/Hub/Editor/2020.3.23f1/Editor/Data/NetStandard/compat/2.0.0/shims/netfx/mscorlib.dll"
/reference:"C:/Program Files/Unity/Hub/Editor/2020.3.23f1/Editor/Data/NetStandard/compat/2.0.0/shims/netstandard/Microsoft.Win32.Primitives.dll"
/reference:"C:/Program Files/Unity/Hub/Editor/2020.3.23f1/Editor/Data/NetStandard/compat/2.0.0/shims/netstandard/System.AppContext.dll"
/reference:"C:/Program Files/Unity/Hub/Editor/2020.3.23f1/Editor/Data/NetStandard/compat/2.0.0/shims/netstandard/System.Collections.Concurrent.dll"
/reference:"C:/Program Files/Unity/Hub/Editor/2020.3.23f1/Editor/Data/NetStandard/compat/2.0.0/shims/netstandard/System.Collections.NonGeneric.dll"
/reference:"C:/Program Files/Unity/Hub/Editor/2020.3.23f1/Editor/Data/NetStandard/compat/2.0.0/shims/netstandard/System.Collections.Specialized.dll"
/reference:"C:/Program Files/Unity/Hub/Editor/2020.3.23f1/Editor/Data/NetStandard/compat/2.0.0/shims/netstandard/System.Collections.dll"
/reference:"C:/Program Files/Unity/Hub/Editor/2020.3.23f1/Editor/Data/NetStandard/compat/2.0.0/shims/netstandard/System.ComponentModel.EventBasedAsync.dll"
/reference:"C:/Program Files/Unity/Hub/Editor/2020.3.23f1/Editor/Data/NetStandard/compat/2.0.0/shims/netstandard/System.ComponentModel.Primitives.dll"
/reference:"C:/Program Files/Unity/Hub/Editor/2020.3.23f1/Editor/Data/NetStandard/compat/2.0.0/shims/netstandard/System.ComponentModel.TypeConverter.dll"
/reference:"C:/Program Files/Unity/Hub/Editor/2020.3.23f1/Editor/Data/NetStandard/compat/2.0.0/shims/netstandard/System.ComponentModel.dll"
/reference:"C:/Program Files/Unity/Hub/Editor/2020.3.23f1/Editor/Data/NetStandard/compat/2.0.0/shims/netstandard/System.Console.dll"
/reference:"C:/Program Files/Unity/Hub/Editor/2020.3.23f1/Editor/Data/NetStandard/compat/2.0.0/shims/netstandard/System.Data.Common.dll"
/reference:"C:/Program Files/Unity/Hub/Editor/2020.3.23f1/Editor/Data/NetStandard/compat/2.0.0/shims/netstandard/System.Diagnostics.Contracts.dll"
/reference:"C:/Program Files/Unity/Hub/Editor/2020.3.23f1/Editor/Data/NetStandard/compat/2.0.0/shims/netstandard/System.Diagnostics.Debug.dll"
/reference:"C:/Program Files/Unity/Hub/Editor/2020.3.23f1/Editor/Data/NetStandard/compat/2.0.0/shims/netstandard/System.Diagnostics.FileVersionInfo.dll"
/reference:"C:/Program Files/Unity/Hub/Editor/2020.3.23f1/Editor/Data/NetStandard/compat/2.0.0/shims/netstandard/System.Diagnostics.Process.dll"
/reference:"C:/Program Files/Unity/Hub/Editor/2020.3.23f1/Editor/Data/NetStandard/compat/2.0.0/shims/netstandard/System.Diagnostics.StackTrace.dll"
/reference:"C:/Program Files/Unity/Hub/Editor/2020.3.23f1/Editor/Data/NetStandard/compat/2.0.0/shims/netstandard/System.Diagnostics.TextWriterTraceListener.dll"
/reference:"C:/Program Files/Unity/Hub/Editor/2020.3.23f1/Editor/Data/NetStandard/compat/2.0.0/shims/netstandard/System.Diagnostics.Tools.dll"
/reference:"C:/Program Files/Unity/Hub/Editor/2020.3.23f1/Editor/Data/NetStandard/compat/2.0.0/shims/netstandard/System.Diagnostics.TraceSource.dll"
/reference:"C:/Program Files/Unity/Hub/Editor/2020.3.23f1/Editor/Data/NetStandard/compat/2.0.0/shims/netstandard/System.Diagnostics.Tracing.dll"
/reference:"C:/Program Files/Unity/Hub/Editor/2020.3.23f1/Editor/Data/NetStandard/compat/2.0.0/shims/netstandard/System.Drawing.Primitives.dll"
/reference:"C:/Program Files/Unity/Hub/Editor/2020.3.23f1/Editor/Data/NetStandard/compat/2.0.0/shims/netstandard/System.Dynamic.Runtime.dll"
/reference:"C:/Program Files/Unity/Hub/Editor/2020.3.23f1/Editor/Data/NetStandard/compat/2.0.0/shims/netstandard/System.Globalization.Calendars.dll"
/reference:"C:/Program Files/Unity/Hub/Editor/2020.3.23f1/Editor/Data/NetStandard/compat/2.0.0/shims/netstandard/System.Globalization.Extensions.dll"
/reference:"C:/Program Files/Unity/Hub/Editor/2020.3.23f1/Editor/Data/NetStandard/compat/2.0.0/shims/netstandard/System.Globalization.dll"
/reference:"C:/Program Files/Unity/Hub/Editor/2020.3.23f1/Editor/Data/NetStandard/compat/2.0.0/shims/netstandard/System.IO.Compression.ZipFile.dll"
/reference:"C:/Program Files/Unity/Hub/Editor/2020.3.23f1/Editor/Data/NetStandard/compat/2.0.0/shims/netstandard/System.IO.Compression.dll"
/reference:"C:/Program Files/Unity/Hub/Editor/2020.3.23f1/Editor/Data/NetStandard/compat/2.0.0/shims/netstandard/System.IO.FileSystem.DriveInfo.dll"
/reference:"C:/Program Files/Unity/Hub/Editor/2020.3.23f1/Editor/Data/NetStandard/compat/2.0.0/shims/netstandard/System.IO.FileSystem.Primitives.dll"
/reference:"C:/Program Files/Unity/Hub/Editor/2020.3.23f1/Editor/Data/NetStandard/compat/2.0.0/shims/netstandard/System.IO.FileSystem.Watcher.dll"
/reference:"C:/Program Files/Unity/Hub/Editor/2020.3.23f1/Editor/Data/NetStandard/compat/2.0.0/shims/netstandard/System.IO.FileSystem.dll"
/reference:"C:/Program Files/Unity/Hub/Editor/2020.3.23f1/Editor/Data/NetStandard/compat/2.0.0/shims/netstandard/System.IO.IsolatedStorage.dll"
/reference:"C:/Program Files/Unity/Hub/Editor/2020.3.23f1/Editor/Data/NetStandard/compat/2.0.0/shims/netstandard/System.IO.MemoryMappedFiles.dll"
/reference:"C:/Program Files/Unity/Hub/Editor/2020.3.23f1/Editor/Data/NetStandard/compat/2.0.0/shims/netstandard/System.IO.Pipes.dll"
/reference:"C:/Program Files/Unity/Hub/Editor/2020.3.23f1/Editor/Data/NetStandard/compat/2.0.0/shims/netstandard/System.IO.UnmanagedMemoryStream.dll"
/reference:"C:/Program Files/Unity/Hub/Editor/2020.3.23f1/Editor/Data/NetStandard/compat/2.0.0/shims/netstandard/System.IO.dll"
/reference:"C:/Program Files/Unity/Hub/Editor/2020.3.23f1/Editor/Data/NetStandard/compat/2.0.0/shims/netstandard/System.Linq.Expressions.dll"
/reference:"C:/Program Files/Unity/Hub/Editor/2020.3.23f1/Editor/Data/NetStandard/compat/2.0.0/shims/netstandard/System.Linq.Parallel.dll"
/reference:"C:/Program Files/Unity/Hub/Editor/2020.3.23f1/Editor/Data/NetStandard/compat/2.0.0/shims/netstandard/System.Linq.Queryable.dll"
/reference:"C:/Program Files/Unity/Hub/Editor/2020.3.23f1/Editor/Data/NetStandard/compat/2.0.0/shims/netstandard/System.Linq.dll"
/reference:"C:/Program Files/Unity/Hub/Editor/2020.3.23f1/Editor/Data/NetStandard/compat/2.0.0/shims/netstandard/System.Net.Http.dll"
/reference:"C:/Program Files/Unity/Hub/Editor/2020.3.23f1/Editor/Data/NetStandard/compat/2.0.0/shims/netstandard/System.Net.NameResolution.dll"
/reference:"C:/Program Files/Unity/Hub/Editor/2020.3.23f1/Editor/Data/NetStandard/compat/2.0.0/shims/netstandard/System.Net.NetworkInformation.dll"
/reference:"C:/Program Files/Unity/Hub/Editor/2020.3.23f1/Editor/Data/NetStandard/compat/2.0.0/shims/netstandard/System.Net.Ping.dll"
/reference:"C:/Program Files/Unity/Hub/Editor/2020.3.23f1/Editor/Data/NetStandard/compat/2.0.0/shims/netstandard/System.Net.Primitives.dll"
/reference:"C:/Program Files/Unity/Hub/Editor/2020.3.23f1/Editor/Data/NetStandard/compat/2.0.0/shims/netstandard/System.Net.Requests.dll"
/reference:"C:/Program Files/Unity/Hub/Editor/2020.3.23f1/Editor/Data/NetStandard/compat/2.0.0/shims/netstandard/System.Net.Security.dll"
/reference:"C:/Program Files/Unity/Hub/Editor/2020.3.23f1/Editor/Data/NetStandard/compat/2.0.0/shims/netstandard/System.Net.Sockets.dll"
/reference:"C:/Program Files/Unity/Hub/Editor/2020.3.23f1/Editor/Data/NetStandard/compat/2.0.0/shims/netstandard/System.Net.WebHeaderCollection.dll"
/reference:"C:/Program Files/Unity/Hub/Editor/2020.3.23f1/Editor/Data/NetStandard/compat/2.0.0/shims/netstandard/System.Net.WebSockets.Client.dll"
/reference:"C:/Program Files/Unity/Hub/Editor/2020.3.23f1/Editor/Data/NetStandard/compat/2.0.0/shims/netstandard/System.Net.WebSockets.dll"
/reference:"C:/Program Files/Unity/Hub/Editor/2020.3.23f1/Editor/Data/NetStandard/compat/2.0.0/shims/netstandard/System.ObjectModel.dll"
/reference:"C:/Program Files/Unity/Hub/Editor/2020.3.23f1/Editor/Data/NetStandard/compat/2.0.0/shims/netstandard/System.Reflection.Extensions.dll"
/reference:"C:/Program Files/Unity/Hub/Editor/2020.3.23f1/Editor/Data/NetStandard/compat/2.0.0/shims/netstandard/System.Reflection.Primitives.dll"
/reference:"C:/Program Files/Unity/Hub/Editor/2020.3.23f1/Editor/Data/NetStandard/compat/2.0.0/shims/netstandard/System.Reflection.dll"
/reference:"C:/Program Files/Unity/Hub/Editor/2020.3.23f1/Editor/Data/NetStandard/compat/2.0.0/shims/netstandard/System.Resources.Reader.dll"
/reference:"C:/Program Files/Unity/Hub/Editor/2020.3.23f1/Editor/Data/NetStandard/compat/2.0.0/shims/netstandard/System.Resources.ResourceManager.dll"
/reference:"C:/Program Files/Unity/Hub/Editor/2020.3.23f1/Editor/Data/NetStandard/compat/2.0.0/shims/netstandard/System.Resources.Writer.dll"
/reference:"C:/Program Files/Unity/Hub/Editor/2020.3.23f1/Editor/Data/NetStandard/compat/2.0.0/shims/netstandard/System.Runtime.CompilerServices.VisualC.dll"
/reference:"C:/Program Files/Unity/Hub/Editor/2020.3.23f1/Editor/Data/NetStandard/compat/2.0.0/shims/netstandard/System.Runtime.Extensions.dll"
/reference:"C:/Program Files/Unity/Hub/Editor/2020.3.23f1/Editor/Data/NetStandard/compat/2.0.0/shims/netstandard/System.Runtime.Handles.dll"
/reference:"C:/Program Files/Unity/Hub/Editor/2020.3.23f1/Editor/Data/NetStandard/compat/2.0.0/shims/netstandard/System.Runtime.InteropServices.RuntimeInformation.dll"
/reference:"C:/Program Files/Unity/Hub/Editor/2020.3.23f1/Editor/Data/NetStandard/compat/2.0.0/shims/netstandard/System.Runtime.InteropServices.dll"
/reference:"C:/Program Files/Unity/Hub/Editor/2020.3.23f1/Editor/Data/NetStandard/compat/2.0.0/shims/netstandard/System.Runtime.Numerics.dll"
/reference:"C:/Program Files/Unity/Hub/Editor/2020.3.23f1/Editor/Data/NetStandard/compat/2.0.0/shims/netstandard/System.Runtime.Serialization.Formatters.dll"
/reference:"C:/Program Files/Unity/Hub/Editor/2020.3.23f1/Editor/Data/NetStandard/compat/2.0.0/shims/netstandard/System.Runtime.Serialization.Json.dll"
/reference:"C:/Program Files/Unity/Hub/Editor/2020.3.23f1/Editor/Data/NetStandard/compat/2.0.0/shims/netstandard/System.Runtime.Serialization.Primitives.dll"
/reference:"C:/Program Files/Unity/Hub/Editor/2020.3.23f1/Editor/Data/NetStandard/compat/2.0.0/shims/netstandard/System.Runtime.Serialization.Xml.dll"
/reference:"C:/Program Files/Unity/Hub/Editor/2020.3.23f1/Editor/Data/NetStandard/compat/2.0.0/shims/netstandard/System.Runtime.dll"
/reference:"C:/Program Files/Unity/Hub/Editor/2020.3.23f1/Editor/Data/NetStandard/compat/2.0.0/shims/netstandard/System.Security.Claims.dll"
/reference:"C:/Program Files/Unity/Hub/Editor/2020.3.23f1/Editor/Data/NetStandard/compat/2.0.0/shims/netstandard/System.Security.Cryptography.Algorithms.dll"
/reference:"C:/Program Files/Unity/Hub/Editor/2020.3.23f1/Editor/Data/NetStandard/compat/2.0.0/shims/netstandard/System.Security.Cryptography.Csp.dll"
/reference:"C:/Program Files/Unity/Hub/Editor/2020.3.23f1/Editor/Data/NetStandard/compat/2.0.0/shims/netstandard/System.Security.Cryptography.Encoding.dll"
/reference:"C:/Program Files/Unity/Hub/Editor/2020.3.23f1/Editor/Data/NetStandard/compat/2.0.0/shims/netstandard/System.Security.Cryptography.Primitives.dll"
/reference:"C:/Program Files/Unity/Hub/Editor/2020.3.23f1/Editor/Data/NetStandard/compat/2.0.0/shims/netstandard/System.Security.Cryptography.X509Certificates.dll"
/reference:"C:/Program Files/Unity/Hub/Editor/2020.3.23f1/Editor/Data/NetStandard/compat/2.0.0/shims/netstandard/System.Security.Principal.dll"
/reference:"C:/Program Files/Unity/Hub/Editor/2020.3.23f1/Editor/Data/NetStandard/compat/2.0.0/shims/netstandard/System.Security.SecureString.dll"
/reference:"C:/Program Files/Unity/Hub/Editor/2020.3.23f1/Editor/Data/NetStandard/compat/2.0.0/shims/netstandard/System.Text.Encoding.Extensions.dll"
/reference:"C:/Program Files/Unity/Hub/Editor/2020.3.23f1/Editor/Data/NetStandard/compat/2.0.0/shims/netstandard/System.Text.Encoding.dll"
/reference:"C:/Program Files/Unity/Hub/Editor/2020.3.23f1/Editor/Data/NetStandard/compat/2.0.0/shims/netstandard/System.Text.RegularExpressions.dll"
/reference:"C:/Program Files/Unity/Hub/Editor/2020.3.23f1/Editor/Data/NetStandard/compat/2.0.0/shims/netstandard/System.Threading.Overlapped.dll"
/reference:"C:/Program Files/Unity/Hub/Editor/2020.3.23f1/Editor/Data/NetStandard/compat/2.0.0/shims/netstandard/System.Threading.Tasks.Parallel.dll"
/reference:"C:/Program Files/Unity/Hub/Editor/2020.3.23f1/Editor/Data/NetStandard/compat/2.0.0/shims/netstandard/System.Threading.Tasks.dll"
/reference:"C:/Program Files/Unity/Hub/Editor/2020.3.23f1/Editor/Data/NetStandard/compat/2.0.0/shims/netstandard/System.Threading.Thread.dll"
/reference:"C:/Program Files/Unity/Hub/Editor/2020.3.23f1/Editor/Data/NetStandard/compat/2.0.0/shims/netstandard/System.Threading.ThreadPool.dll"
/reference:"C:/Program Files/Unity/Hub/Editor/2020.3.23f1/Editor/Data/NetStandard/compat/2.0.0/shims/netstandard/System.Threading.Timer.dll"
/reference:"C:/Program Files/Unity/Hub/Editor/2020.3.23f1/Editor/Data/NetStandard/compat/2.0.0/shims/netstandard/System.Threading.dll"
/reference:"C:/Program Files/Unity/Hub/Editor/2020.3.23f1/Editor/Data/NetStandard/compat/2.0.0/shims/netstandard/System.ValueTuple.dll"
/reference:"C:/Program Files/Unity/Hub/Editor/2020.3.23f1/Editor/Data/NetStandard/compat/2.0.0/shims/netstandard/System.Xml.ReaderWriter.dll"
/reference:"C:/Program Files/Unity/Hub/Editor/2020.3.23f1/Editor/Data/NetStandard/compat/2.0.0/shims/netstandard/System.Xml.XDocument.dll"
/reference:"C:/Program Files/Unity/Hub/Editor/2020.3.23f1/Editor/Data/NetStandard/compat/2.0.0/shims/netstandard/System.Xml.XPath.XDocument.dll"
/reference:"C:/Program Files/Unity/Hub/Editor/2020.3.23f1/Editor/Data/NetStandard/compat/2.0.0/shims/netstandard/System.Xml.XPath.dll"
/reference:"C:/Program Files/Unity/Hub/Editor/2020.3.23f1/Editor/Data/NetStandard/compat/2.0.0/shims/netstandard/System.Xml.XmlDocument.dll"
/reference:"C:/Program Files/Unity/Hub/Editor/2020.3.23f1/Editor/Data/NetStandard/compat/2.0.0/shims/netstandard/System.Xml.XmlSerializer.dll"
/reference:"C:/Program Files/Unity/Hub/Editor/2020.3.23f1/Editor/Data/NetStandard/ref/2.0.0/netstandard.dll"
/define:CSHARP_7_3_OR_NEWER
/define:CSHARP_7_OR_LATER
/define:ENABLE_AR
/define:ENABLE_AUDIO
/define:ENABLE_CACHING
/define:ENABLE_CLOTH
/define:ENABLE_CLOUD_LICENSE
/define:ENABLE_CLOUD_SERVICES
/define:ENABLE_CLOUD_SERVICES_ADS
/define:ENABLE_CLOUD_SERVICES_ANALYTICS
/define:ENABLE_CLOUD_SERVICES_BUILD
/define:ENABLE_CLOUD_SERVICES_COLLAB
/define:ENABLE_CLOUD_SERVICES_COLLAB_SOFTLOCKS
/define:ENABLE_CLOUD_SERVICES_CRASH_REPORTING
/define:ENABLE_CLOUD_SERVICES_PURCHASING
/define:ENABLE_CLOUD_SERVICES_UNET
/define:ENABLE_CLOUD_SERVICES_USE_WEBREQUEST
/define:ENABLE_CLUSTERINPUT
/define:ENABLE_CLUSTER_SYNC
/define:ENABLE_CRUNCH_TEXTURE_COMPRESSION
/define:ENABLE_CUSTOM_RENDER_TEXTURE
/define:ENABLE_DIRECTOR
/define:ENABLE_DIRECTOR_AUDIO
/define:ENABLE_DIRECTOR_TEXTURE
/define:ENABLE_EDITOR_HUB_LICENSE
/define:ENABLE_EVENT_QUEUE
/define:ENABLE_INPUT_SYSTEM
/define:ENABLE_LOCALIZATION
/define:ENABLE_LZMA
/define:ENABLE_MANAGED_ANIMATION_JOBS
/define:ENABLE_MANAGED_AUDIO_JOBS
/define:ENABLE_MANAGED_JOBS
/define:ENABLE_MANAGED_TRANSFORM_JOBS
/define:ENABLE_MICROPHONE
/define:ENABLE_MONO
/define:ENABLE_MONO_BDWGC
/define:ENABLE_MOVIES
/define:ENABLE_MULTIPLE_DISPLAYS
/define:ENABLE_NETWORK
/define:ENABLE_OUT_OF_PROCESS_CRASH_HANDLER
/define:ENABLE_PHYSICS
/define:ENABLE_RUNTIME_GI
/define:ENABLE_SCRIPTING_GC_WBARRIERS
/define:ENABLE_SPRITES
/define:ENABLE_TERRAIN
/define:ENABLE_TEXTURE_STREAMING
/define:ENABLE_TILEMAP
/define:ENABLE_TIMELINE
/define:ENABLE_UNET
/define:ENABLE_UNITYEVENTS
/define:ENABLE_UNITYWEBREQUEST
/define:ENABLE_VIDEO
/define:ENABLE_VIRTUALTEXTURING
/define:ENABLE_VR
/define:ENABLE_WEBCAM
/define:ENABLE_WEBSOCKET_CLIENT
/define:ENABLE_WEBSOCKET_HOST
/define:ENABLE_WWW
/define:GFXDEVICE_WAITFOREVENT_MESSAGEPUMP
/define:INCLUDE_DYNAMIC_GI
/define:NET_STANDARD_2_0
/define:PLATFORM_STANDALONE
/define:PLATFORM_STANDALONE_WIN
/define:PLATFORM_SUPPORTS_MONO
/define:PLATFORM_UPDATES_TIME_OUTSIDE_OF_PLAYER_LOOP
/define:RENDER_SOFTWARE_CURSOR
/define:SCENE_TEMPLATE_MODULE
/define:STARTER_ASSETS_PACKAGES_CHECKED
/define:UNITY_2017_1_OR_NEWER
/define:UNITY_2017_2_OR_NEWER
/define:UNITY_2017_3_OR_NEWER
/define:UNITY_2017_4_OR_NEWER
/define:UNITY_2018_1_OR_NEWER
/define:UNITY_2018_2_OR_NEWER
/define:UNITY_2018_3_OR_NEWER
/define:UNITY_2018_4_OR_NEWER
/define:UNITY_2019_1_OR_NEWER
/define:UNITY_2019_2_OR_NEWER
/define:UNITY_2019_3_OR_NEWER
/define:UNITY_2019_4_OR_NEWER
/define:UNITY_2020
/define:UNITY_2020_1_OR_NEWER
/define:UNITY_2020_2_OR_NEWER
/define:UNITY_2020_3
/define:UNITY_2020_3_23
/define:UNITY_2020_3_OR_NEWER
/define:UNITY_5_3_OR_NEWER
/define:UNITY_5_4_OR_NEWER
/define:UNITY_5_5_OR_NEWER
/define:UNITY_5_6_OR_NEWER
/define:UNITY_STANDALONE
/define:UNITY_STANDALONE_WIN
/define:USE_SEARCH_ENGINE_API
Assets\InputSystem\StarterAssetsInputs.cs
Assets\Mobile\Scripts\CanvasInputs\UICanvasControllerInput.cs
Assets\Mobile\Scripts\Utilities\MobileDisableAutoSwitchControls.cs
Assets\Mobile\Scripts\VirtualInputs\UIVirtualButton.cs
Assets\Mobile\Scripts\VirtualInputs\UIVirtualJoystick.cs
Assets\Mobile\Scripts\VirtualInputs\UIVirtualTouchZone.cs
Assets\Scripts\BasicRigidBodyPush.cs
Assets\Scripts\CommandLineBuild.cs
Assets\Scripts\FirstPersonController.cs
Assets\TutorialInfo\Scripts\Readme.cs

-----CompilerOutput:-stdout--exitcode: 1--compilationhadfailure: True--outfile: Temp/Assembly-CSharp.dll
Microsoft (R) Visual C# Compiler version 3.5.0-dev-20359-01 (8da8ba0c)
Copyright (C) Microsoft Corporation. All rights reserved.

Assets\Scripts\CommandLineBuild.cs(5,19): error CS0234: The type or namespace name 'Build' does not exist in the namespace 'UnityEditor' (are you missing an assembly reference?)
-----EndCompilerOutput---------------
- Finished script compilation in 6.228925 seconds
Assets\Scripts\CommandLineBuild.cs(5,19): error CS0234: The type or namespace name 'Build' does not exist in the namespace 'UnityEditor' (are you missing an assembly reference?)
[ScriptCompilation] Recompiling all scripts because: Recompiling scripts for editor because player build failed.
DisplayProgressNotification: Build Failed
Error building Player because scripts had compiler errors
Unloading 1 Unused Serialized files (Serialized files now loaded: 0)
System memory in use before: 106.5 MB.
System memory in use after: 106.8 MB.

Unloading 14 unused Assets to reduce memory usage. Loaded Objects now: 3745.
Total: 6.771900 ms (FindLiveObjects: 0.305500 ms CreateObjectMapping: 0.125100 ms MarkObjects: 6.301400 ms  DeleteObjects: 0.038800 ms)

Unloading 0 Unused Serialized files (Serialized files now loaded: 0)
Loaded scene 'Temp/__Backupscenes/0.backup'
	Deserialize:            0.589 ms
	Integration:            18.782 ms
	Integration of assets:  0.001 ms
	Thread Wait Time:       0.035 ms
	Total Operation Time:   19.407 ms
System memory in use before: 106.7 MB.
System memory in use after: 107.0 MB.

Unloading 0 unused Assets to reduce memory usage. Loaded Objects now: 3745.
Total: 7.493700 ms (FindLiveObjects: 0.430000 ms CreateObjectMapping: 0.169100 ms MarkObjects: 6.882000 ms  DeleteObjects: 0.011500 ms)

Build Failed
UnityEngine.StackTraceUtility:ExtractStackTrace ()
UnityEngine.DebugLogHandler:LogFormat (UnityEngine.LogType,UnityEngine.Object,string,object[])
UnityEngine.Logger:Log (UnityEngine.LogType,object)
UnityEngine.Debug:Log (object)
CommandLineBuild:DoBuild () (at Assets/Scripts/CommandLineBuild.cs:31)

(Filename: Assets/Scripts/CommandLineBuild.cs Line: 31)

Batchmode quit successfully invoked - shutting down!
[Performance] WinEditorMain                                               :        1 samples, Peak.  1.65 s (1.0x), Avg.  1.65 s, Total. 1.650 s (10.1%)
[Performance] WinEditorMain.ConfigureCrashHandler                         :        1 samples, Peak.  48.4 us (1.0x), Avg.  48.4 us, Total. 48.40 us (0.0%)
[Performance] WinEditorMain.CurlRequestInitialize                         :        1 samples, Peak.   459 us (1.0x), Avg.   459 us, Total. 458.9 us (0.0%)
[Performance] WinEditorMain.SetupLogFile                                  :        1 samples, Peak.   499 us (1.0x), Avg.   499 us, Total. 498.5 us (0.0%)
[Performance] WinEditorMain.RunNativeTestsIfRequiredAndExit               :        1 samples, Peak.  19.0 us (1.0x), Avg.  19.0 us, Total. 19.00 us (0.0%)
[Performance] WinEditorMain.Licensing                                     :        1 samples, Peak.  1.63 s (1.0x), Avg.  1.63 s, Total. 1.633 s (10.0%)
[Performance] WinEditorMain.InitializeCrashHandler                        :        1 samples, Peak.  15.0 ms (1.0x), Avg.  15.0 ms, Total. 14.96 ms (0.1%)
[Performance] WinEditorMain.CreateApplication                             :        1 samples, Peak.   262 us (1.0x), Avg.   262 us, Total. 261.7 us (0.0%)
[Performance] Application.InitializeProject                               :        1 samples, Peak.  6.36 s (1.0x), Avg.  6.36 s, Total. 6.364 s (39.0%)
[Performance] Application.PackageManager.StartServer                      :        1 samples, Peak.  6.02 ms (1.0x), Avg.  6.02 ms, Total. 6.016 ms (0.0%)
[Performance] Application.AcquireProjectLock                              :        1 samples, Peak.  5.94 ms (1.0x), Avg.  5.94 ms, Total. 5.938 ms (0.0%)
[Performance] Application.InitializeEngineNoGraphics                      :        1 samples, Peak.  18.3 ms (1.0x), Avg.  18.3 ms, Total. 18.35 ms (0.1%)
[Performance] Application.PackageManager.Initialize                       :        1 samples, Peak.  1.06 s (1.0x), Avg.  1.06 s, Total. 1.063 s (6.5%)
[Performance] CurlRequestCheck                                            :       18 samples, Peak.  84.1 us (5.5x), Avg.  15.2 us, Total. 273.4 us (0.0%)
[Performance] VersionControl.Task.Wait                                    :        1 samples, Peak.  28.5 us (1.0x), Avg.  28.5 us, Total. 28.50 us (0.0%)
[Performance] Application.EngineGraphics.Initialize                       :        1 samples, Peak.  27.1 ms (1.0x), Avg.  27.1 ms, Total. 27.14 ms (0.2%)
[Performance] Application.GI.Initialize                                   :        1 samples, Peak.  1.82 ms (1.0x), Avg.  1.82 ms, Total. 1.823 ms (0.0%)
[Performance] Application.LoadAllDefaultResourcesFromEditor               :        1 samples, Peak.  2.16 ms (1.0x), Avg.  2.16 ms, Total. 2.156 ms (0.0%)
[Performance] Application.LoadMonoAssemblies                              :        1 samples, Peak.   628 ms (1.0x), Avg.   628 ms, Total. 628.3 ms (3.8%)
[Performance] RestoreManagedReferences                                    :        2 samples, Peak.  87.0 ms (2.0x), Avg.  43.5 ms, Total. 86.96 ms (0.5%)
[Performance] ProcessService.EditorAfterLoadAllAssemblies                 :        2 samples, Peak.   419 us (1.3x), Avg.   334 us, Total. 668.5 us (0.0%)
[Performance] Application.ReadLicenseInfo                                 :        1 samples, Peak.  14.1 ms (1.0x), Avg.  14.1 ms, Total. 14.07 ms (0.1%)
[Performance] Application.InitialScriptRefresh                            :        1 samples, Peak.  2.65 s (1.0x), Avg.  2.65 s, Total. 2.652 s (16.2%)
[Performance] Compiling Scripts                                           :        1 samples, Peak.  47.7 ms (1.0x), Avg.  47.7 ms, Total. 47.66 ms (0.3%)
[Performance] Application.AssetDatabase.Refresh                           :        1 samples, Peak.  83.2 ms (1.0x), Avg.  83.2 ms, Total. 83.25 ms (0.5%)
[Performance] AssetDatabase.Refresh                                       :        1 samples, Peak.  83.2 ms (1.0x), Avg.  83.2 ms, Total. 83.17 ms (0.5%)
[Performance] Application.ImportAssetsWithMismatchingAssetImporterVersion :        1 samples, Peak.   101 ms (1.0x), Avg.   101 ms, Total. 101.4 ms (0.6%)
[Performance] Application.SyncCurrentColorSpace                           :        1 samples, Peak.  25.2 ms (1.0x), Avg.  25.2 ms, Total. 25.23 ms (0.2%)
[Performance] Application.OnUsbDevicesChanged                             :        1 samples, Peak.  2.83 ms (1.0x), Avg.  2.83 ms, Total. 2.826 ms (0.0%)
[Performance] Application.AssetInstanceCacheUpdate                        :        1 samples, Peak.   300 ns (1.0x), Avg.   300 ns, Total. 300.0 ns (0.0%)
[Performance] Application.UnityExtensions.Initialize                      :        1 samples, Peak.   984 us (1.0x), Avg.   984 us, Total. 984.1 us (0.0%)
[Performance] Application.InitializeManagedCompilationPipeline            :        1 samples, Peak.   161 ms (1.0x), Avg.   161 ms, Total. 160.9 ms (1.0%)
[Performance] Application.ExecuteStartups                                 :        1 samples, Peak.  57.7 ms (1.0x), Avg.  57.7 ms, Total. 57.70 ms (0.4%)
[Performance] Gizmo.RebuildRenderers                                      :        2 samples, Peak.  53.8 ms (1.9x), Avg.  28.8 ms, Total. 57.69 ms (0.4%)
[Performance] Gizmo.AddGizmoRenderers                                     :      102 samples, Peak.  1.34 ms (39.0x), Avg.  34.2 us, Total. 3.493 ms (0.0%)
[Performance] Application.InitializeMenu                                  :        1 samples, Peak.  88.2 ms (1.0x), Avg.  88.2 ms, Total. 88.17 ms (0.5%)
[Performance] UpdateAllMenus                                              :        1 samples, Peak.  85.0 ms (1.0x), Avg.  85.0 ms, Total. 85.02 ms (0.5%)
[Performance] Application.editorInitializingProject                       :        1 samples, Peak.  33.7 us (1.0x), Avg.  33.7 us, Total. 33.70 us (0.0%)
[Performance] GUIView.RepaintAll.PlayerLoopController                     :        2 samples, Peak.  1.20 us (1.0x), Avg.  1.15 us, Total. 2.300 us (0.0%)
[Performance] Application.InvokeFinishedLoadingProject                    :        1 samples, Peak.  51.5 ms (1.0x), Avg.  51.5 ms, Total. 51.45 ms (0.3%)
[Performance] ProcessService.OnProjectLoaded                              :        1 samples, Peak.  41.4 us (1.0x), Avg.  41.4 us, Total. 41.40 us (0.0%)
[Performance] AssetDatabase.ImportAssets                                  :        3 samples, Peak.   109 ms (3.0x), Avg.  36.3 ms, Total. 109.0 ms (0.7%)
[Performance] PresetManagerPostProcessor.OnPreprocessAsset                :        1 samples, Peak.   417 us (1.0x), Avg.   417 us, Total. 416.5 us (0.0%)
[Performance] CancelSplashScreenOnAssetChange.OnPreprocessAsset           :        1 samples, Peak.   126 us (1.0x), Avg.   126 us, Total. 125.8 us (0.0%)
[Performance] AssemblyPostProcessor.OnPostprocessAllAssets                :        1 samples, Peak.   464 us (1.0x), Avg.   464 us, Total. 463.5 us (0.0%)
[Performance] MaterialPostprocessor.OnPostprocessAllAssets                :        1 samples, Peak.   609 us (1.0x), Avg.   609 us, Total. 608.6 us (0.0%)
[Performance] ShaderGraphAssetPostProcessor.OnPostprocessAllAssets        :        1 samples, Peak.  2.20 ms (1.0x), Avg.  2.20 ms, Total. 2.198 ms (0.0%)
[Performance] AssetPostprocessor.OnPostprocessAllAssets                   :        1 samples, Peak.   168 us (1.0x), Avg.   168 us, Total. 167.8 us (0.0%)
[Performance] TMPro_TexturePostProcessor.OnPostprocessAllAssets           :        1 samples, Peak.   302 us (1.0x), Avg.   302 us, Total. 301.5 us (0.0%)
[Performance] RetainedMode.OnPostprocessAllAssets                         :        1 samples, Peak.   585 us (1.0x), Avg.   585 us, Total. 584.8 us (0.0%)
[Performance] EditorAtlasMonitorInjector.OnPostprocessAllAssets           :        1 samples, Peak.   135 us (1.0x), Avg.   135 us, Total. 135.0 us (0.0%)
[Performance] AudioMixerPostprocessor.OnPostprocessAllAssets              :        1 samples, Peak.   493 us (1.0x), Avg.   493 us, Total. 492.7 us (0.0%)
[Performance] AssetEvents.OnPostprocessAllAssets                          :        2 samples, Peak.   193 us (1.6x), Avg.   123 us, Total. 246.3 us (0.0%)
[Performance] ModelImporterPostProcessor.OnPostprocessAllAssets           :        1 samples, Peak.  1.10 ms (1.0x), Avg.  1.10 ms, Total. 1.103 ms (0.0%)
[Performance] StyleCatalogPostProcessor.OnPostprocessAllAssets            :        1 samples, Peak.  53.3 ms (1.0x), Avg.  53.3 ms, Total. 53.33 ms (0.3%)
[Performance] BuildCatalog                                                :        1 samples, Peak.  52.6 ms (1.0x), Avg.  52.6 ms, Total. 52.55 ms (0.3%)
[Performance] GenerateAssemblyTypeInfos                                   :        1 samples, Peak.   662 ms (1.0x), Avg.   662 ms, Total. 662.4 ms (4.1%)
[Performance] Inspector.InitOrRebuild                                     :        1 samples, Peak.   459 us (1.0x), Avg.   459 us, Total. 458.9 us (0.0%)
Setting up 4 worker threads for Enlighten.
  Thread -> id: 9188 -> priority: 1 
  Thread -> id: 8948 -> priority: 1 
  Thread -> id: 92b0 -> priority: 1 
  Thread -> id: 2f14 -> priority: 1 
AcceleratorClientConnectionCallback - disconnected - :0
Cleanup mono
Exiting batchmode successfully now!
Exiting without the bug reporter. Application will terminate with return code 0